<?xml version="1.0" encoding="UTF-8"?>
<!-- Generated by org.testng.reporters.JUnitReportReporter -->
<testsuite skipped="0" hostname="alexs-MacBook-Pro.local" name="com.fourstay.runners.CukesRunner" tests="1" failures="0" timestamp="03 Jun 2018 01:30:48 GMT" time="1.652" errors="0">
  <testcase name="runScenario" time="1.652" classname="com.fourstay.runners.CukesRunner"/>
</testsuite> <!-- com.fourstay.runners.CukesRunner -->
