<?xml version="1.0" encoding="UTF-8"?>
<!-- Generated by org.testng.reporters.JUnitReportReporter -->
<testsuite skipped="0" hostname="DESKTOP-4R7KFJ2" name="com.fourstay.runners.CukesRunner" tests="1" failures="0" timestamp="02 Jun 2018 01:31:14 GMT" time="1.758" errors="0">
  <testcase name="runScenario" time="1.758" classname="com.fourstay.runners.CukesRunner"/>
</testsuite> <!-- com.fourstay.runners.CukesRunner -->
