<?xml version="1.0" encoding="UTF-8"?>
<!-- Generated by org.testng.reporters.JUnitReportReporter -->
<testsuite skipped="1" hostname="alexs-MacBook-Pro.local" name="com.fourstay.runners.CukesRunner" tests="1" failures="0" timestamp="01 Jun 2018 23:43:58 GMT" time="0.044" errors="0">
  <testcase name="runScenario" time="0.044" classname="com.fourstay.runners.CukesRunner">
    <skipped/>
  </testcase> <!-- runScenario -->
</testsuite> <!-- com.fourstay.runners.CukesRunner -->
