<?xml version="1.0" encoding="UTF-8"?>
<!-- Generated by org.testng.reporters.JUnitReportReporter -->
<testsuite skipped="0" hostname="DESKTOP-4R7KFJ2" name="com.fourstay.runners.CukesRunner" tests="1" failures="0" timestamp="01 Jun 2018 01:16:43 GMT" time="6.464" errors="0">
  <testcase name="runScenario" time="6.464" classname="com.fourstay.runners.CukesRunner"/>
</testsuite> <!-- com.fourstay.runners.CukesRunner -->
